*** Using Compiler 'V6.19', folder: 'D:\3.Tech\Keil\ARM\ARMCLANG\Bin'
Build target 'Project'
assembling startup_air001_dev.s...
compiling air001xx_it.c...
compiling air001xx_hal_msp.c...
compiling air001_Core_Board.c...
compiling main.c...
compiling system_air001xx.c...
compiling air001xx_hal.c...
compiling air001xx_hal_rcc.c...
compiling air001xx_hal_rcc_ex.c...
compiling air001xx_hal_flash.c...
compiling air001xx_hal_gpio.c...
compiling air001xx_hal_pwr.c...
compiling air001xx_hal_dma.c...
compiling air001xx_hal_cortex.c...
compiling air001xx_hal_uart.c...
compiling air001xx_hal_spi_ex.c...
compiling air001xx_hal_spi.c...
linking...
Program Size: Code=6528 RO-data=340 RW-data=228 ZI-data=1268  
FromELF: creating hex file...
".\Output\Debug\Project.axf" - 0 Error(s), 0 Warning(s).
Build Time Elapsed:  00:00:04
